{"/workspaces/graduation-project-AkinKaradag/src/app.js": {"path":"/workspaces/graduation-project-AkinKaradag/src/app.js","statementMap":{"0":{"start":{"line":1,"column":20},"end":{"line":1,"column":42}},"1":{"start":{"line":2,"column":16},"end":{"line":2,"column":34}},"2":{"start":{"line":3,"column":13},"end":{"line":3,"column":28}},"3":{"start":{"line":4,"column":21},"end":{"line":4,"column":45}},"4":{"start":{"line":5,"column":15},"end":{"line":5,"column":32}},"5":{"start":{"line":6,"column":0},"end":{"line":6,"column":26}},"6":{"start":{"line":7,"column":0},"end":{"line":7,"column":32}},"7":{"start":{"line":9,"column":20},"end":{"line":9,"column":45}},"8":{"start":{"line":10,"column":24},"end":{"line":10,"column":53}},"9":{"start":{"line":11,"column":22},"end":{"line":11,"column":51}},"10":{"start":{"line":12,"column":21},"end":{"line":12,"column":47}},"11":{"start":{"line":13,"column":23},"end":{"line":13,"column":51}},"12":{"start":{"line":14,"column":20},"end":{"line":14,"column":45}},"13":{"start":{"line":16,"column":12},"end":{"line":16,"column":21}},"14":{"start":{"line":19,"column":0},"end":{"line":19,"column":47}},"15":{"start":{"line":20,"column":0},"end":{"line":20,"column":29}},"16":{"start":{"line":22,"column":0},"end":{"line":22,"column":22}},"17":{"start":{"line":23,"column":0},"end":{"line":23,"column":23}},"18":{"start":{"line":24,"column":0},"end":{"line":24,"column":48}},"19":{"start":{"line":25,"column":0},"end":{"line":25,"column":23}},"20":{"start":{"line":26,"column":0},"end":{"line":26,"column":55}},"21":{"start":{"line":28,"column":0},"end":{"line":28,"column":25}},"22":{"start":{"line":29,"column":0},"end":{"line":29,"column":38}},"23":{"start":{"line":30,"column":0},"end":{"line":30,"column":36}},"24":{"start":{"line":31,"column":0},"end":{"line":31,"column":32}},"25":{"start":{"line":32,"column":0},"end":{"line":32,"column":36}},"26":{"start":{"line":33,"column":0},"end":{"line":33,"column":30}},"27":{"start":{"line":36,"column":0},"end":{"line":38,"column":2}},"28":{"start":{"line":37,"column":2},"end":{"line":37,"column":24}},"29":{"start":{"line":41,"column":0},"end":{"line":49,"column":2}},"30":{"start":{"line":43,"column":2},"end":{"line":43,"column":34}},"31":{"start":{"line":44,"column":2},"end":{"line":44,"column":68}},"32":{"start":{"line":47,"column":2},"end":{"line":47,"column":31}},"33":{"start":{"line":48,"column":2},"end":{"line":48,"column":21}},"34":{"start":{"line":51,"column":0},"end":{"line":51,"column":20}}},"fnMap":{"0":{"name":"(anonymous_0)","decl":{"start":{"line":36,"column":8},"end":{"line":36,"column":9}},"loc":{"start":{"line":36,"column":34},"end":{"line":38,"column":1}},"line":36},"1":{"name":"(anonymous_1)","decl":{"start":{"line":41,"column":8},"end":{"line":41,"column":9}},"loc":{"start":{"line":41,"column":39},"end":{"line":49,"column":1}},"line":41}},"branchMap":{"0":{"loc":{"start":{"line":44,"column":21},"end":{"line":44,"column":68}},"type":"cond-expr","locations":[{"start":{"line":44,"column":60},"end":{"line":44,"column":63}},{"start":{"line":44,"column":66},"end":{"line":44,"column":68}}],"line":44},"1":{"loc":{"start":{"line":47,"column":13},"end":{"line":47,"column":30}},"type":"binary-expr","locations":[{"start":{"line":47,"column":13},"end":{"line":47,"column":23}},{"start":{"line":47,"column":27},"end":{"line":47,"column":30}}],"line":47}},"s":{"0":1,"1":1,"2":1,"3":1,"4":1,"5":1,"6":1,"7":1,"8":1,"9":1,"10":1,"11":1,"12":1,"13":1,"14":1,"15":1,"16":1,"17":1,"18":1,"19":1,"20":1,"21":1,"22":1,"23":1,"24":1,"25":1,"26":1,"27":1,"28":0,"29":1,"30":0,"31":0,"32":0,"33":0,"34":1},"f":{"0":0,"1":0},"b":{"0":[0,0],"1":[0,0]},"_coverageSchema":"1a1c01bbd47fc00a2c39e90264f33305004495a9","hash":"b51f5af03ae84466a3024a26697894d627b60b5c"}
,"/workspaces/graduation-project-AkinKaradag/src/managers/order-manager.js": {"path":"/workspaces/graduation-project-AkinKaradag/src/managers/order-manager.js","statementMap":{"0":{"start":{"line":1,"column":14},"end":{"line":1,"column":40}},"1":{"start":{"line":3,"column":20},"end":{"line":10,"column":1}},"2":{"start":{"line":4,"column":4},"end":{"line":6,"column":5}},"3":{"start":{"line":5,"column":8},"end":{"line":5,"column":64}},"4":{"start":{"line":8,"column":21},"end":{"line":8,"column":50}},"5":{"start":{"line":9,"column":4},"end":{"line":9,"column":19}},"6":{"start":{"line":12,"column":22},"end":{"line":16,"column":1}},"7":{"start":{"line":13,"column":18},"end":{"line":13,"column":47}},"8":{"start":{"line":14,"column":4},"end":{"line":14,"column":50}},"9":{"start":{"line":14,"column":16},"end":{"line":14,"column":50}},"10":{"start":{"line":15,"column":4},"end":{"line":15,"column":16}},"11":{"start":{"line":18,"column":18},"end":{"line":18,"column":36}},"12":{"start":{"line":18,"column":24},"end":{"line":18,"column":36}},"13":{"start":{"line":20,"column":28},"end":{"line":20,"column":78}},"14":{"start":{"line":20,"column":42},"end":{"line":20,"column":78}},"15":{"start":{"line":22,"column":27},"end":{"line":22,"column":74}},"16":{"start":{"line":22,"column":40},"end":{"line":22,"column":74}},"17":{"start":{"line":24,"column":20},"end":{"line":33,"column":1}},"18":{"start":{"line":25,"column":18},"end":{"line":25,"column":140}},"19":{"start":{"line":27,"column":4},"end":{"line":31,"column":5}},"20":{"start":{"line":28,"column":23},"end":{"line":28,"column":52}},"21":{"start":{"line":29,"column":8},"end":{"line":29,"column":55}},"22":{"start":{"line":29,"column":21},"end":{"line":29,"column":55}},"23":{"start":{"line":30,"column":8},"end":{"line":30,"column":54}},"24":{"start":{"line":32,"column":4},"end":{"line":32,"column":16}},"25":{"start":{"line":35,"column":30},"end":{"line":46,"column":1}},"26":{"start":{"line":36,"column":18},"end":{"line":36,"column":47}},"27":{"start":{"line":37,"column":4},"end":{"line":37,"column":50}},"28":{"start":{"line":37,"column":16},"end":{"line":37,"column":50}},"29":{"start":{"line":38,"column":4},"end":{"line":40,"column":5}},"30":{"start":{"line":39,"column":8},"end":{"line":39,"column":62}},"31":{"start":{"line":41,"column":4},"end":{"line":43,"column":5}},"32":{"start":{"line":42,"column":8},"end":{"line":42,"column":54}},"33":{"start":{"line":44,"column":4},"end":{"line":44,"column":42}},"34":{"start":{"line":45,"column":4},"end":{"line":45,"column":16}},"35":{"start":{"line":48,"column":29},"end":{"line":59,"column":1}},"36":{"start":{"line":49,"column":18},"end":{"line":49,"column":47}},"37":{"start":{"line":50,"column":4},"end":{"line":50,"column":50}},"38":{"start":{"line":50,"column":16},"end":{"line":50,"column":50}},"39":{"start":{"line":51,"column":4},"end":{"line":53,"column":5}},"40":{"start":{"line":52,"column":8},"end":{"line":52,"column":62}},"41":{"start":{"line":54,"column":4},"end":{"line":56,"column":5}},"42":{"start":{"line":55,"column":8},"end":{"line":55,"column":61}},"43":{"start":{"line":57,"column":4},"end":{"line":57,"column":42}},"44":{"start":{"line":58,"column":4},"end":{"line":58,"column":16}},"45":{"start":{"line":61,"column":0},"end":{"line":70,"column":1}}},"fnMap":{"0":{"name":"(anonymous_0)","decl":{"start":{"line":3,"column":20},"end":{"line":3,"column":21}},"loc":{"start":{"line":3,"column":39},"end":{"line":10,"column":1}},"line":3},"1":{"name":"(anonymous_1)","decl":{"start":{"line":12,"column":22},"end":{"line":12,"column":23}},"loc":{"start":{"line":12,"column":39},"end":{"line":16,"column":1}},"line":12},"2":{"name":"(anonymous_2)","decl":{"start":{"line":18,"column":18},"end":{"line":18,"column":19}},"loc":{"start":{"line":18,"column":24},"end":{"line":18,"column":36}},"line":18},"3":{"name":"(anonymous_3)","decl":{"start":{"line":20,"column":28},"end":{"line":20,"column":29}},"loc":{"start":{"line":20,"column":42},"end":{"line":20,"column":78}},"line":20},"4":{"name":"(anonymous_4)","decl":{"start":{"line":22,"column":27},"end":{"line":22,"column":28}},"loc":{"start":{"line":22,"column":40},"end":{"line":22,"column":74}},"line":22},"5":{"name":"(anonymous_5)","decl":{"start":{"line":24,"column":20},"end":{"line":24,"column":21}},"loc":{"start":{"line":24,"column":50},"end":{"line":33,"column":1}},"line":24},"6":{"name":"(anonymous_6)","decl":{"start":{"line":35,"column":30},"end":{"line":35,"column":31}},"loc":{"start":{"line":35,"column":60},"end":{"line":46,"column":1}},"line":35},"7":{"name":"(anonymous_7)","decl":{"start":{"line":48,"column":29},"end":{"line":48,"column":30}},"loc":{"start":{"line":48,"column":58},"end":{"line":59,"column":1}},"line":48}},"branchMap":{"0":{"loc":{"start":{"line":4,"column":4},"end":{"line":6,"column":5}},"type":"if","locations":[{"start":{"line":4,"column":4},"end":{"line":6,"column":5}},{"start":{},"end":{}}],"line":4},"1":{"loc":{"start":{"line":4,"column":8},"end":{"line":4,"column":58}},"type":"binary-expr","locations":[{"start":{"line":4,"column":8},"end":{"line":4,"column":25}},{"start":{"line":4,"column":29},"end":{"line":4,"column":58}}],"line":4},"2":{"loc":{"start":{"line":14,"column":4},"end":{"line":14,"column":50}},"type":"if","locations":[{"start":{"line":14,"column":4},"end":{"line":14,"column":50}},{"start":{},"end":{}}],"line":14},"3":{"loc":{"start":{"line":27,"column":4},"end":{"line":31,"column":5}},"type":"if","locations":[{"start":{"line":27,"column":4},"end":{"line":31,"column":5}},{"start":{},"end":{}}],"line":27},"4":{"loc":{"start":{"line":29,"column":8},"end":{"line":29,"column":55}},"type":"if","locations":[{"start":{"line":29,"column":8},"end":{"line":29,"column":55}},{"start":{},"end":{}}],"line":29},"5":{"loc":{"start":{"line":37,"column":4},"end":{"line":37,"column":50}},"type":"if","locations":[{"start":{"line":37,"column":4},"end":{"line":37,"column":50}},{"start":{},"end":{}}],"line":37},"6":{"loc":{"start":{"line":38,"column":4},"end":{"line":40,"column":5}},"type":"if","locations":[{"start":{"line":38,"column":4},"end":{"line":40,"column":5}},{"start":{},"end":{}}],"line":38},"7":{"loc":{"start":{"line":41,"column":4},"end":{"line":43,"column":5}},"type":"if","locations":[{"start":{"line":41,"column":4},"end":{"line":43,"column":5}},{"start":{},"end":{}}],"line":41},"8":{"loc":{"start":{"line":50,"column":4},"end":{"line":50,"column":50}},"type":"if","locations":[{"start":{"line":50,"column":4},"end":{"line":50,"column":50}},{"start":{},"end":{}}],"line":50},"9":{"loc":{"start":{"line":51,"column":4},"end":{"line":53,"column":5}},"type":"if","locations":[{"start":{"line":51,"column":4},"end":{"line":53,"column":5}},{"start":{},"end":{}}],"line":51},"10":{"loc":{"start":{"line":54,"column":4},"end":{"line":56,"column":5}},"type":"if","locations":[{"start":{"line":54,"column":4},"end":{"line":56,"column":5}},{"start":{},"end":{}}],"line":54}},"s":{"0":1,"1":1,"2":10,"3":1,"4":9,"5":9,"6":1,"7":1,"8":1,"9":0,"10":1,"11":1,"12":0,"13":1,"14":1,"15":1,"16":0,"17":1,"18":1,"19":1,"20":0,"21":0,"22":0,"23":0,"24":1,"25":1,"26":1,"27":1,"28":0,"29":1,"30":0,"31":1,"32":0,"33":1,"34":1,"35":1,"36":0,"37":0,"38":0,"39":0,"40":0,"41":0,"42":0,"43":0,"44":0,"45":1},"f":{"0":10,"1":1,"2":0,"3":1,"4":0,"5":1,"6":1,"7":0},"b":{"0":[1,9],"1":[10,10],"2":[0,1],"3":[0,1],"4":[0,0],"5":[0,1],"6":[0,1],"7":[0,1],"8":[0,0],"9":[0,0],"10":[0,0]},"_coverageSchema":"1a1c01bbd47fc00a2c39e90264f33305004495a9","hash":"b9be21871d5be6f181d2fefa6f5c8c6921d018de"}
}
