{"/Users/akinkaradag/Documents/Coyotiv/Proje/graduation project/graduation-project-AkinKaradag/src/app.js": {"path":"/Users/akinkaradag/Documents/Coyotiv/Proje/graduation project/graduation-project-AkinKaradag/src/app.js","statementMap":{"0":{"start":{"line":1,"column":20},"end":{"line":1,"column":42}},"1":{"start":{"line":2,"column":16},"end":{"line":2,"column":34}},"2":{"start":{"line":3,"column":13},"end":{"line":3,"column":28}},"3":{"start":{"line":4,"column":21},"end":{"line":4,"column":45}},"4":{"start":{"line":5,"column":15},"end":{"line":5,"column":32}},"5":{"start":{"line":6,"column":0},"end":{"line":6,"column":26}},"6":{"start":{"line":7,"column":0},"end":{"line":7,"column":32}},"7":{"start":{"line":9,"column":20},"end":{"line":9,"column":45}},"8":{"start":{"line":10,"column":24},"end":{"line":10,"column":53}},"9":{"start":{"line":11,"column":22},"end":{"line":11,"column":51}},"10":{"start":{"line":12,"column":21},"end":{"line":12,"column":47}},"11":{"start":{"line":13,"column":23},"end":{"line":13,"column":51}},"12":{"start":{"line":14,"column":20},"end":{"line":14,"column":45}},"13":{"start":{"line":16,"column":12},"end":{"line":16,"column":21}},"14":{"start":{"line":19,"column":0},"end":{"line":19,"column":47}},"15":{"start":{"line":20,"column":0},"end":{"line":20,"column":29}},"16":{"start":{"line":22,"column":0},"end":{"line":22,"column":22}},"17":{"start":{"line":23,"column":0},"end":{"line":23,"column":23}},"18":{"start":{"line":24,"column":0},"end":{"line":24,"column":48}},"19":{"start":{"line":25,"column":0},"end":{"line":25,"column":23}},"20":{"start":{"line":26,"column":0},"end":{"line":26,"column":55}},"21":{"start":{"line":28,"column":0},"end":{"line":28,"column":25}},"22":{"start":{"line":29,"column":0},"end":{"line":29,"column":38}},"23":{"start":{"line":30,"column":0},"end":{"line":30,"column":36}},"24":{"start":{"line":31,"column":0},"end":{"line":31,"column":32}},"25":{"start":{"line":32,"column":0},"end":{"line":32,"column":36}},"26":{"start":{"line":33,"column":0},"end":{"line":33,"column":30}},"27":{"start":{"line":36,"column":0},"end":{"line":38,"column":2}},"28":{"start":{"line":37,"column":2},"end":{"line":37,"column":24}},"29":{"start":{"line":41,"column":0},"end":{"line":49,"column":2}},"30":{"start":{"line":43,"column":2},"end":{"line":43,"column":34}},"31":{"start":{"line":44,"column":2},"end":{"line":44,"column":68}},"32":{"start":{"line":47,"column":2},"end":{"line":47,"column":31}},"33":{"start":{"line":48,"column":2},"end":{"line":48,"column":21}},"34":{"start":{"line":51,"column":0},"end":{"line":51,"column":20}}},"fnMap":{"0":{"name":"(anonymous_0)","decl":{"start":{"line":36,"column":8},"end":{"line":36,"column":9}},"loc":{"start":{"line":36,"column":34},"end":{"line":38,"column":1}},"line":36},"1":{"name":"(anonymous_1)","decl":{"start":{"line":41,"column":8},"end":{"line":41,"column":9}},"loc":{"start":{"line":41,"column":39},"end":{"line":49,"column":1}},"line":41}},"branchMap":{"0":{"loc":{"start":{"line":44,"column":21},"end":{"line":44,"column":68}},"type":"cond-expr","locations":[{"start":{"line":44,"column":60},"end":{"line":44,"column":63}},{"start":{"line":44,"column":66},"end":{"line":44,"column":68}}],"line":44},"1":{"loc":{"start":{"line":47,"column":13},"end":{"line":47,"column":30}},"type":"binary-expr","locations":[{"start":{"line":47,"column":13},"end":{"line":47,"column":23}},{"start":{"line":47,"column":27},"end":{"line":47,"column":30}}],"line":47}},"s":{"0":1,"1":1,"2":1,"3":1,"4":1,"5":1,"6":1,"7":1,"8":1,"9":1,"10":1,"11":1,"12":1,"13":1,"14":1,"15":1,"16":1,"17":1,"18":1,"19":1,"20":1,"21":1,"22":1,"23":1,"24":1,"25":1,"26":1,"27":1,"28":1,"29":1,"30":1,"31":1,"32":1,"33":1,"34":1},"f":{"0":1,"1":1},"b":{"0":[0,1],"1":[1,0]},"_coverageSchema":"1a1c01bbd47fc00a2c39e90264f33305004495a9","hash":"f8cae5ef2ac94506c7aec9b5b28dc05be0b150e1"}
,"/Users/akinkaradag/Documents/Coyotiv/Proje/graduation project/graduation-project-AkinKaradag/src/models/logistic-company.js": {"path":"/Users/akinkaradag/Documents/Coyotiv/Proje/graduation project/graduation-project-AkinKaradag/src/models/logistic-company.js","statementMap":{"0":{"start":{"line":1,"column":17},"end":{"line":1,"column":36}},"1":{"start":{"line":3,"column":30},"end":{"line":8,"column":2}},"2":{"start":{"line":10,"column":0},"end":{"line":10,"column":73}}},"fnMap":{},"branchMap":{},"s":{"0":1,"1":1,"2":1},"f":{},"b":{},"_coverageSchema":"1a1c01bbd47fc00a2c39e90264f33305004495a9","hash":"f175459fcf0769a547d0bff16fc55d3eead230fc"}
,"/Users/akinkaradag/Documents/Coyotiv/Proje/graduation project/graduation-project-AkinKaradag/src/models/vehicle.js": {"path":"/Users/akinkaradag/Documents/Coyotiv/Proje/graduation project/graduation-project-AkinKaradag/src/models/vehicle.js","statementMap":{"0":{"start":{"line":1,"column":17},"end":{"line":1,"column":36}},"1":{"start":{"line":3,"column":22},"end":{"line":15,"column":2}},"2":{"start":{"line":17,"column":0},"end":{"line":17,"column":57}}},"fnMap":{},"branchMap":{},"s":{"0":1,"1":1,"2":1},"f":{},"b":{},"_coverageSchema":"1a1c01bbd47fc00a2c39e90264f33305004495a9","hash":"d587e3bb33129eebc010ae6ef98fa85bee111d71"}
}
